<?xml version="1.0" encoding="UTF-8" ?>
<testsuite failures="0" time="0.064" errors="0" skipped="0" tests="11" name="br.com.senacrs.alp.aulas.MinhaListaImpTest">
  <properties>
[...]
</properties>
  <testcase time="0.02" classname="br.com.senacrs.alp.aulas.MinhaListaImpTest" name="br.com.senacrs.alp.aulas.MinhaListaImpTest.testMinhaListaImp"/>
  <testcase time="0" classname="br.com.senacrs.alp.aulas.MinhaListaImpTest" name="br.com.senacrs.alp.aulas.MinhaListaImpTest.testSufixar"/>
  <testcase time="0" classname="br.com.senacrs.alp.aulas.MinhaListaImpTest" name="br.com.senacrs.alp.aulas.MinhaListaImpTest.testPrefixar"/>
  <testcase time="0.001" classname="br.com.senacrs.alp.aulas.MinhaListaImpTest" name="br.com.senacrs.alp.aulas.MinhaListaImpTest.testBuscar"/>
  <testcase time="0" classname="br.com.senacrs.alp.aulas.MinhaListaImpTest" name="br.com.senacrs.alp.aulas.MinhaListaImpTest.testBuscarExcede"/>
  <testcase time="0" classname="br.com.senacrs.alp.aulas.MinhaListaImpTest" name="br.com.senacrs.alp.aulas.MinhaListaImpTest.testInserir"/>
  <testcase time="0" classname="br.com.senacrs.alp.aulas.MinhaListaImpTest" name="br.com.senacrs.alp.aulas.MinhaListaImpTest.testInserirExcede"/>
  <testcase time="0" classname="br.com.senacrs.alp.aulas.MinhaListaImpTest" name="br.com.senacrs.alp.aulas.MinhaListaImpTest.testRemover"/>
  <testcase time="0" classname="br.com.senacrs.alp.aulas.MinhaListaImpTest" name="br.com.senacrs.alp.aulas.MinhaListaImpTest.testRemoverExcede"/>
  <testcase time="0" classname="br.com.senacrs.alp.aulas.MinhaListaImpTest" name="br.com.senacrs.alp.aulas.MinhaListaImpTest.testTamanhoZero"/>
  <testcase time="0" classname="br.com.senacrs.alp.aulas.MinhaListaImpTest" name="br.com.senacrs.alp.aulas.MinhaListaImpTest.testTamanho"/>
</testsuite>